2025-12-02 16:37:56,308 | INFO |  Starting Book Recommendation API...
2025-12-02 16:37:57,230 | INFO | select pg_catalog.version()
2025-12-02 16:37:57,230 | INFO | [raw sql] {}
2025-12-02 16:37:57,513 | INFO | select current_schema()
2025-12-02 16:37:57,514 | INFO | [raw sql] {}
2025-12-02 16:37:57,794 | INFO | show standard_conforming_strings
2025-12-02 16:37:57,795 | INFO | [raw sql] {}
2025-12-02 16:37:58,515 | INFO | BEGIN (implicit)
2025-12-02 16:37:58,519 | INFO | SELECT pg_catalog.pg_class.relname 
FROM pg_catalog.pg_class JOIN pg_catalog.pg_namespace ON pg_catalog.pg_namespace.oid = pg_catalog.pg_class.relnamespace 
WHERE pg_catalog.pg_class.relname = %(table_name)s::VARCHAR AND pg_catalog.pg_class.relkind = ANY (ARRAY[%(param_1)s::VARCHAR, %(param_2)s::VARCHAR, %(param_3)s::VARCHAR, %(param_4)s::VARCHAR, %(param_5)s::VARCHAR]) AND pg_catalog.pg_table_is_visible(pg_catalog.pg_class.oid) AND pg_catalog.pg_namespace.nspname != %(nspname_1)s::VARCHAR
2025-12-02 16:37:58,533 | INFO | [generated in 0.01387s] {'table_name': 'books', 'param_1': 'r', 'param_2': 'p', 'param_3': 'f', 'param_4': 'v', 'param_5': 'm', 'nspname_1': 'pg_catalog'}
2025-12-02 16:37:58,818 | INFO | SELECT pg_catalog.pg_class.relname 
FROM pg_catalog.pg_class JOIN pg_catalog.pg_namespace ON pg_catalog.pg_namespace.oid = pg_catalog.pg_class.relnamespace 
WHERE pg_catalog.pg_class.relname = %(table_name)s::VARCHAR AND pg_catalog.pg_class.relkind = ANY (ARRAY[%(param_1)s::VARCHAR, %(param_2)s::VARCHAR, %(param_3)s::VARCHAR, %(param_4)s::VARCHAR, %(param_5)s::VARCHAR]) AND pg_catalog.pg_table_is_visible(pg_catalog.pg_class.oid) AND pg_catalog.pg_namespace.nspname != %(nspname_1)s::VARCHAR
2025-12-02 16:37:58,819 | INFO | [cached since 0.3002s ago] {'table_name': 'users', 'param_1': 'r', 'param_2': 'p', 'param_3': 'f', 'param_4': 'v', 'param_5': 'm', 'nspname_1': 'pg_catalog'}
2025-12-02 16:37:58,964 | INFO | COMMIT
2025-12-02 16:37:59,103 | INFO |  Database tables ready
2025-12-02 16:37:59,104 | INFO | SECRET_KEY: Kx8vN2mQ_zF4pR7wJ9hL6aE3cD5bT1yU8xG0iS2vM4n
2025-12-02 16:37:59,104 | INFO | Type: <class 'str'>
2025-12-02 16:37:59,124 | INFO | Use pytorch device_name: cuda:0
2025-12-02 16:37:59,124 | INFO | Load pretrained SentenceTransformer: all-MiniLM-L6-v2
2025-12-02 16:38:02,691 | INFO |  Loaded model: all-MiniLM-L6-v2
2025-12-02 16:38:02,693 | INFO | Loaded existing FAISS index
2025-12-02 16:38:02,693 | INFO | ENV: development
2025-12-02 16:38:02,694 | INFO | APP_ORIGIN: http://localhost:3000
2025-12-02 16:38:02,694 | INFO | WEATHER_API_KEY configured: True
2025-12-02 16:38:02,694 | INFO |  Application ready!
2025-12-02 16:39:35,696 | INFO | GET / - 200 - 1.00ms
2025-12-02 16:39:35,761 | INFO | GET /favicon.ico - 404 - 0.37ms
2025-12-02 16:39:40,151 | INFO | GET /docs - 200 - 0.25ms
2025-12-02 16:39:40,524 | INFO | GET /openapi.json - 200 - 30.45ms
2025-12-02 16:40:22,352 | INFO |  Shutting down...
